<?xml version="1.0" encoding="UTF-8"?>
<!-- Generated by org.testng.reporters.JUnitReportReporter -->
<testsuite skipped="0" hostname="DESKTOP-0J07OVP" name="rvirgo1.GitTest.AppTest" tests="1" failures="0" timestamp="15 Jan 2018 18:36:24 GMT" time="8.523" errors="0">
  <testcase name="guru99tutorial" time="8.523" classname="rvirgo1.GitTest.AppTest"/>
</testsuite> <!-- rvirgo1.GitTest.AppTest -->
