<?xml version="1.0" encoding="UTF-8"?>
<!-- Generated by org.testng.reporters.JUnitReportReporter -->
<testsuite skipped="0" hostname="DESKTOP-0J07OVP" name="rvirgo1.GitTest.AppTest" tests="1" failures="0" timestamp="17 Jan 2018 15:45:51 GMT" time="9.080" errors="0">
  <testcase name="guru99tutorial" time="9.080" classname="rvirgo1.GitTest.AppTest"/>
</testsuite> <!-- rvirgo1.GitTest.AppTest -->
